-------------------------------------------------------------------------------
Test set: PlushieShop.demo.PlushieShopApplicationTests
-------------------------------------------------------------------------------
<<<<<<< Updated upstream
Tests run: 1, Failures: 0, Errors: 0, Skipped: 0, Time elapsed: 6.661 s -- in PlushieShop.demo.PlushieShopApplicationTests
=======
<<<<<<< HEAD
Tests run: 1, Failures: 0, Errors: 0, Skipped: 0, Time elapsed: 5.995 s -- in PlushieShop.demo.PlushieShopApplicationTests
=======
Tests run: 1, Failures: 0, Errors: 0, Skipped: 0, Time elapsed: 6.661 s -- in PlushieShop.demo.PlushieShopApplicationTests
>>>>>>> 00976341962dd77a4a28edfb4a6461ea5f3feb5d
>>>>>>> Stashed changes
